2023-01-16 09:22:31.173 [info] Added views:workbench.panel.markers.view in workbench.panel.markers
2023-01-16 09:22:31.173 [info] Added views:workbench.panel.output in workbench.panel.output
2023-01-16 09:22:31.173 [info] Added views:terminal in terminal
2023-01-16 09:22:31.173 [info] Added views:outline in workbench.view.explorer
2023-01-16 09:22:31.173 [info] Added views:workbench.scm in workbench.view.scm
2023-01-16 09:22:31.173 [info] Added views:workbench.view.search in workbench.view.search
2023-01-16 09:22:31.173 [info] Added views:timeline in workbench.view.explorer
2023-01-16 09:22:31.173 [info] Added views:workbench.explorer.emptyView in workbench.view.explorer
2023-01-16 09:22:31.174 [info] Added views:workbench.debug.variablesView,workbench.debug.watchExpressionsView,workbench.debug.callStackView,workbench.debug.breakPointsView in workbench.view.debug
2023-01-16 09:22:32.097 [info] Added views:pr:github,issues:github in workbench.view.extension.github-pull-requests
2023-01-16 09:22:32.100 [info] Added views:cell-tag in workbench.view.extension.jupyter
2023-01-16 09:22:32.102 [info] Added views:targetsContainers,devVolumes in workbench.view.remote
2023-01-16 09:22:32.102 [info] Added views:targetsWsl in workbench.view.remote
2023-01-16 09:22:32.103 [info] Added views:remoteTargets in workbench.view.remote
2023-01-16 09:22:32.627 [info] Added views:workbench.panel.repl.view in workbench.panel.repl
2023-01-16 09:22:32.628 [info] Removed views:workbench.debug.breakPointsView,workbench.debug.callStackView,workbench.debug.watchExpressionsView,workbench.debug.variablesView from workbench.view.debug
2023-01-16 09:22:32.629 [info] Added views:workbench.debug.welcome in workbench.view.debug
2023-01-16 09:22:34.712 [info] Added views:liveshare.session,liveshare.contacts in workbench.view.extension.liveshare
2023-01-16 09:23:57.596 [info] Added views:workbench.views.extensions.installed,workbench.views.extensions.popular,extensions.recommendedList in workbench.view.extensions
2023-01-16 09:23:57.606 [info] Removed views:workbench.views.extensions.popular from workbench.view.extensions
2023-01-16 09:24:03.623 [info] Removed views:remoteTargets from workbench.view.remote
2023-01-16 09:24:03.635 [info] Removed views:targetsWsl from workbench.view.remote
